Summary of SPARK analysis
=========================

-------------------------------------------------------------------------------------------------------
SPARK Analysis results        Total       Flow   Interval   CodePeer     Provers   Justified   Unproved
-------------------------------------------------------------------------------------------------------
Data Dependencies                 .          .          .          .           .           .          .
Flow Dependencies                 .          .          .          .           .           .          .
Initialization                    2          2          .          .           .           .          .
Non-Aliasing                      .          .          .          .           .           .          .
Run-time Checks                   9          .          .          .    9 (CVC4)           .          .
Assertions                        .          .          .          .           .           .          .
Functional Contracts              2          .          .          .    2 (CVC4)           .          .
LSP Verification                  .          .          .          .           .           .          .
-------------------------------------------------------------------------------------------------------
Total                            13    2 (15%)          .          .    11 (85%)           .          .


Analyzed 3 units
in unit calculator, 3 subprograms and packages out of 3 analyzed
  Calculator at calculator.ads:1 flow analyzed (0 errors, 0 checks and 0 warnings) and proved (0 checks)
  Calculator.Add at calculator.ads:3 flow analyzed (0 errors, 0 checks and 0 warnings) and proved (5 checks)
  Calculator.Subtract at calculator.ads:14 flow analyzed (0 errors, 0 checks and 0 warnings) and proved (6 checks)
in unit test_assertions, 0 subprograms and packages out of 4 analyzed
  Test_Assertions.Assert_False at test_assertions.ads:9 skipped
  Test_Assertions.Assert_False at test_assertions.ads:15 skipped
  Test_Assertions.Assert_True at test_assertions.ads:6 skipped
  Test_Assertions.Assert_True at test_assertions.ads:12 skipped
in unit test_calculator, 0 subprograms and packages out of 1 analyzed
  Test_Calculator at test_calculator.adb:8 skipped
