Summary of SPARK analysis
=========================

-------------------------------------------------------------------------------------------------------
SPARK Analysis results        Total       Flow   Interval   CodePeer     Provers   Justified   Unproved
-------------------------------------------------------------------------------------------------------
Data Dependencies                 .          .          .          .           .           .          .
Flow Dependencies                 .          .          .          .           .           .          .
Initialization                    3          3          .          .           .           .          .
Non-Aliasing                      .          .          .          .           .           .          .
Run-time Checks                   .          .          .          .           .           .          .
Assertions                        .          .          .          .           .           .          .
Functional Contracts              1          .          .          .    1 (CVC4)           .          .
LSP Verification                  .          .          .          .           .           .          .
-------------------------------------------------------------------------------------------------------
Total                             4    3 (75%)          .          .     1 (25%)           .          .


Analyzed 3 units
in unit example, 2 subprograms and packages out of 2 analyzed
  Example at example.ads:1 flow analyzed (0 errors, 0 checks and 0 warnings) and proved (0 checks)
  Example.Max at example.ads:5 flow analyzed (0 errors, 0 checks and 0 warnings) and proved (1 checks)
in unit test_assertions, 0 subprograms and packages out of 4 analyzed
  Test_Assertions.Assert_False at test_assertions.ads:9 skipped
  Test_Assertions.Assert_False at test_assertions.ads:15 skipped
  Test_Assertions.Assert_True at test_assertions.ads:6 skipped
  Test_Assertions.Assert_True at test_assertions.ads:12 skipped
in unit test_example, 0 subprograms and packages out of 1 analyzed
  Test_Example at test_example.adb:5 skipped
